# JRE version: Java(TM) SE Runtime Environment (8.0_111-b14) (build 1.8.0_111-b14)
# Java VM: Java HotSpot(TM) 64-Bit Server VM (25.111-b14 mixed mode windows-amd64 compressed oops)
Heap:
 PSYoungGen      total 392192K, used 7144K [0x000000076b100000, 0x000000078e780000, 0x00000007c0000000)
  eden space 371712K, 1% used [0x000000076b100000,0x000000076b7fa190,0x0000000781c00000)
  from space 20480K, 0% used [0x0000000781c00000,0x0000000781c00000,0x0000000783000000)
  to   space 19456K, 0% used [0x000000078d480000,0x000000078d480000,0x000000078e780000)
 ParOldGen       total 124928K, used 20155K [0x00000006c1200000, 0x00000006c8c00000, 0x000000076b100000)
  object space 124928K, 16% used [0x00000006c1200000,0x00000006c25aee40,0x00000006c8c00000)
 Metaspace       used 56038K, capacity 59484K, committed 59668K, reserved 1101824K
  class space    used 7598K, capacity 8161K, committed 8252K, reserved 1048576K
GC Heap History (10 events):
Event: 4.543 GC heap before
{Heap before GC invocations=8 (full 1):
 PSYoungGen      total 231424K, used 22313K [0x000000076b100000, 0x000000077a280000, 0x00000007c0000000)
  eden space 218624K, 5% used [0x000000076b100000,0x000000076bcafb50,0x0000000778680000)
  from space 12800K, 80% used [0x0000000779600000,0x000000077a01a958,0x000000077a280000)
  to   space 14336K, 0% used [0x0000000778680000,0x0000000778680000,0x0000000779480000)
 ParOldGen       total 90112K, used 6768K [0x00000006c1200000, 0x00000006c6a00000, 0x000000076b100000)
  object space 90112K, 7% used [0x00000006c1200000,0x00000006c189c118,0x00000006c6a00000)
 Metaspace       used 33130K, capacity 35344K, committed 35416K, reserved 1079296K
  class space    used 4292K, capacity 4708K, committed 4736K, reserved 1048576K
Event: 4.554 GC heap after
Heap after GC invocations=8 (full 1):
 PSYoungGen      total 232960K, used 8293K [0x000000076b100000, 0x0000000784400000, 0x00000007c0000000)
  eden space 218624K, 0% used [0x000000076b100000,0x000000076b100000,0x0000000778680000)
  from space 14336K, 57% used [0x0000000778680000,0x0000000778e994f8,0x0000000779480000)
  to   space 13824K, 0% used [0x0000000783680000,0x0000000783680000,0x0000000784400000)
 ParOldGen       total 90112K, used 6776K [0x00000006c1200000, 0x00000006c6a00000, 0x000000076b100000)
  object space 90112K, 7% used [0x00000006c1200000,0x00000006c189e118,0x00000006c6a00000)
 Metaspace       used 33130K, capacity 35344K, committed 35416K, reserved 1079296K
  class space    used 4292K, capacity 4708K, committed 4736K, reserved 1048576K
}
Event: 4.554 GC heap before
{Heap before GC invocations=9 (full 2):
 PSYoungGen      total 232960K, used 8293K [0x000000076b100000, 0x0000000784400000, 0x00000007c0000000)
  eden space 218624K, 0% used [0x000000076b100000,0x000000076b100000,0x0000000778680000)
  from space 14336K, 57% used [0x0000000778680000,0x0000000778e994f8,0x0000000779480000)
  to   space 13824K, 0% used [0x0000000783680000,0x0000000783680000,0x0000000784400000)
 ParOldGen       total 90112K, used 6776K [0x00000006c1200000, 0x00000006c6a00000, 0x000000076b100000)
  object space 90112K, 7% used [0x00000006c1200000,0x00000006c189e118,0x00000006c6a00000)
 Metaspace       used 33130K, capacity 35344K, committed 35416K, reserved 1079296K
  class space    used 4292K, capacity 4708K, committed 4736K, reserved 1048576K
Event: 4.626 GC heap after
Heap after GC invocations=9 (full 2):
 PSYoungGen      total 232960K, used 0K [0x000000076b100000, 0x0000000784400000, 0x00000007c0000000)
  eden space 218624K, 0% used [0x000000076b100000,0x000000076b100000,0x0000000778680000)
  from space 14336K, 0% used [0x0000000778680000,0x0000000778680000,0x0000000779480000)
  to   space 13824K, 0% used [0x0000000783680000,0x0000000783680000,0x0000000784400000)
 ParOldGen       total 124928K, used 12578K [0x00000006c1200000, 0x00000006c8c00000, 0x000000076b100000)
  object space 124928K, 10% used [0x00000006c1200000,0x00000006c1e489b0,0x00000006c8c00000)
 Metaspace       used 33130K, capacity 35344K, committed 35416K, reserved 1079296K
  class space    used 4292K, capacity 4708K, committed 4736K, reserved 1048576K
}
Event: 7.477 GC heap before
{Heap before GC invocations=10 (full 2):
 PSYoungGen      total 232960K, used 218624K [0x000000076b100000, 0x0000000784400000, 0x00000007c0000000)
  eden space 218624K, 100% used [0x000000076b100000,0x0000000778680000,0x0000000778680000)
  from space 14336K, 0% used [0x0000000778680000,0x0000000778680000,0x0000000779480000)
  to   space 13824K, 0% used [0x0000000783680000,0x0000000783680000,0x0000000784400000)
 ParOldGen       total 124928K, used 12578K [0x00000006c1200000, 0x00000006c8c00000, 0x000000076b100000)
  object space 124928K, 10% used [0x00000006c1200000,0x00000006c1e489b0,0x00000006c8c00000)
 Metaspace       used 55633K, capacity 58964K, committed 59028K, reserved 1099776K
  class space    used 7517K, capacity 8079K, committed 8124K, reserved 1048576K
Event: 7.502 GC heap after
Heap after GC invocations=10 (full 2):
 PSYoungGen      total 368640K, used 13823K [0x000000076b100000, 0x0000000784400000, 0x00000007c0000000)
  eden space 354816K, 0% used [0x000000076b100000,0x000000076b100000,0x0000000780b80000)
  from space 13824K, 99% used [0x0000000783680000,0x00000007843ffde0,0x0000000784400000)
  to   space 20480K, 0% used [0x0000000781c00000,0x0000000781c00000,0x0000000783000000)
 ParOldGen       total 124928K, used 24296K [0x00000006c1200000, 0x00000006c8c00000, 0x000000076b100000)
  object space 124928K, 19% used [0x00000006c1200000,0x00000006c29ba288,0x00000006c8c00000)
 Metaspace       used 55633K, capacity 58964K, committed 59028K, reserved 1099776K
  class space    used 7517K, capacity 8079K, committed 8124K, reserved 1048576K
}
Event: 7.513 GC heap before
{Heap before GC invocations=11 (full 2):
 PSYoungGen      total 368640K, used 20231K [0x000000076b100000, 0x0000000784400000, 0x00000007c0000000)
  eden space 354816K, 1% used [0x000000076b100000,0x000000076b741e70,0x0000000780b80000)
  from space 13824K, 99% used [0x0000000783680000,0x00000007843ffde0,0x0000000784400000)
  to   space 20480K, 0% used [0x0000000781c00000,0x0000000781c00000,0x0000000783000000)
 ParOldGen       total 124928K, used 24296K [0x00000006c1200000, 0x00000006c8c00000, 0x000000076b100000)
  object space 124928K, 19% used [0x00000006c1200000,0x00000006c29ba288,0x00000006c8c00000)
 Metaspace       used 55649K, capacity 58968K, committed 59028K, reserved 1099776K
  class space    used 7519K, capacity 8079K, committed 8124K, reserved 1048576K
Event: 7.523 GC heap after
Heap after GC invocations=11 (full 2):
 PSYoungGen      total 392192K, used 8812K [0x000000076b100000, 0x000000078e780000, 0x00000007c0000000)
  eden space 371712K, 0% used [0x000000076b100000,0x000000076b100000,0x0000000781c00000)
  from space 20480K, 43% used [0x0000000781c00000,0x000000078249b190,0x0000000783000000)
  to   space 19456K, 0% used [0x000000078d480000,0x000000078d480000,0x000000078e780000)
 ParOldGen       total 124928K, used 24304K [0x00000006c1200000, 0x00000006c8c00000, 0x000000076b100000)
  object space 124928K, 19% used [0x00000006c1200000,0x00000006c29bc288,0x00000006c8c00000)
 Metaspace       used 55649K, capacity 58968K, committed 59028K, reserved 1099776K
  class space    used 7519K, capacity 8079K, committed 8124K, reserved 1048576K
}
Event: 7.523 GC heap before
{Heap before GC invocations=12 (full 3):
 PSYoungGen      total 392192K, used 8812K [0x000000076b100000, 0x000000078e780000, 0x00000007c0000000)
  eden space 371712K, 0% used [0x000000076b100000,0x000000076b100000,0x0000000781c00000)
  from space 20480K, 43% used [0x0000000781c00000,0x000000078249b190,0x0000000783000000)
  to   space 19456K, 0% used [0x000000078d480000,0x000000078d480000,0x000000078e780000)
 ParOldGen       total 124928K, used 24304K [0x00000006c1200000, 0x00000006c8c00000, 0x000000076b100000)
  object space 124928K, 19% used [0x00000006c1200000,0x00000006c29bc288,0x00000006c8c00000)
 Metaspace       used 55649K, capacity 58968K, committed 59028K, reserved 1099776K
  class space    used 7519K, capacity 8079K, committed 8124K, reserved 1048576K
Event: 7.675 GC heap after
Heap after GC invocations=12 (full 3):
 PSYoungGen      total 392192K, used 0K [0x000000076b100000, 0x000000078e780000, 0x00000007c0000000)
  eden space 371712K, 0% used [0x000000076b100000,0x000000076b100000,0x0000000781c00000)
  from space 20480K, 0% used [0x0000000781c00000,0x0000000781c00000,0x0000000783000000)
  to   space 19456K, 0% used [0x000000078d480000,0x000000078d480000,0x000000078e780000)
 ParOldGen       total 124928K, used 20155K [0x00000006c1200000, 0x00000006c8c00000, 0x000000076b100000)
  object space 124928K, 16% used [0x00000006c1200000,0x00000006c25aee40,0x00000006c8c00000)
 Metaspace       used 55641K, capacity 58956K, committed 59028K, reserved 1099776K
  class space    used 7518K, capacity 8077K, committed 8124K, reserved 1048576K
}

